d:\documents\projects\2023华为软件精英挑战赛\fu_sai\windowsrelease\src_new\main.dir\debug\vc141.pdb
d:\documents\projects\2023华为软件精英挑战赛\fu_sai\windowsrelease\src_new\main.dir\debug\speedcontrol.obj
d:\documents\projects\2023华为软件精英挑战赛\fu_sai\windowsrelease\src_new\main.dir\debug\pathdesign_c.obj
d:\documents\projects\2023华为软件精英挑战赛\fu_sai\windowsrelease\src_new\main.dir\debug\pathdesign.obj
d:\documents\projects\2023华为软件精英挑战赛\fu_sai\windowsrelease\src_new\main.dir\debug\load_pthread.obj
d:\documents\projects\2023华为软件精英挑战赛\fu_sai\windowsrelease\src_new\main.dir\debug\getaim.obj
d:\documents\projects\2023华为软件精英挑战赛\fu_sai\windowsrelease\src_new\main.dir\debug\findlines.obj
d:\documents\projects\2023华为软件精英挑战赛\fu_sai\windowsrelease\src_new\main.dir\debug\commenfun.obj
d:\documents\projects\2023华为软件精英挑战赛\fu_sai\windowsrelease\src_new\main.dir\debug\bfs.obj
d:\documents\projects\2023华为软件精英挑战赛\fu_sai\windowsrelease\src_new\main.dir\debug\avoidobstacle.obj
d:\documents\projects\2023华为软件精英挑战赛\fu_sai\windowsrelease\src_new\main.dir\debug\datainterface.obj
d:\documents\projects\2023华为软件精英挑战赛\fu_sai\windowsrelease\src_new\main.dir\debug\pathconflic.obj
d:\documents\projects\2023华为软件精英挑战赛\fu_sai\windowsrelease\src_new\main.dir\debug\main.obj
d:\documents\projects\2023华为软件精英挑战赛\fu_sai\windowsrelease\src_new\debug\main.exe
d:\documents\projects\2023华为软件精英挑战赛\fu_sai\windowsrelease\src_new\debug\main.ilk
d:\documents\projects\2023华为软件精英挑战赛\fu_sai\windowsrelease\src_new\debug\main.pdb
d:\documents\projects\2023华为软件精英挑战赛\fu_sai\windowsrelease\src_new\cmakefiles\generate.stamp
d:\documents\projects\2023华为软件精英挑战赛\fu_sai\windowsrelease\src_new\main.dir\debug\main.tlog\cl.command.1.tlog
d:\documents\projects\2023华为软件精英挑战赛\fu_sai\windowsrelease\src_new\main.dir\debug\main.tlog\cl.read.1.tlog
d:\documents\projects\2023华为软件精英挑战赛\fu_sai\windowsrelease\src_new\main.dir\debug\main.tlog\cl.write.1.tlog
d:\documents\projects\2023华为软件精英挑战赛\fu_sai\windowsrelease\src_new\main.dir\debug\main.tlog\link.command.1.tlog
d:\documents\projects\2023华为软件精英挑战赛\fu_sai\windowsrelease\src_new\main.dir\debug\main.tlog\link.read.1.tlog
d:\documents\projects\2023华为软件精英挑战赛\fu_sai\windowsrelease\src_new\main.dir\debug\main.tlog\link.write.1.tlog
d:\documents\projects\2023华为软件精英挑战赛\fu_sai\windowsrelease\src_new\main.dir\debug\main.tlog\parallelcustombuild.command.1.tlog
d:\documents\projects\2023华为软件精英挑战赛\fu_sai\windowsrelease\src_new\main.dir\debug\main.tlog\parallelcustombuild.read.1.tlog
d:\documents\projects\2023华为软件精英挑战赛\fu_sai\windowsrelease\src_new\main.dir\debug\main.tlog\parallelcustombuild.write.1.tlog
