d:\documents\projects\2023华为软件精英挑战赛\windowsrelease\sdk\c++\buidl\main.dir\release\getaimbackup.obj
d:\documents\projects\2023华为软件精英挑战赛\windowsrelease\sdk\c++\buidl\main.dir\release\getaim.obj
d:\documents\projects\2023华为软件精英挑战赛\windowsrelease\sdk\c++\buidl\main.dir\release\speedcontrol.obj
d:\documents\projects\2023华为软件精英挑战赛\windowsrelease\sdk\c++\buidl\main.dir\release\main.obj
d:\documents\projects\2023华为软件精英挑战赛\windowsrelease\sdk\c++\buidl\main.dir\release\commenfun.obj
d:\documents\projects\2023华为软件精英挑战赛\windowsrelease\sdk\c++\buidl\main.dir\release\avoidobstacle.obj
d:\documents\projects\2023华为软件精英挑战赛\windowsrelease\sdk\c++\buidl\main.dir\release\datainterface.obj
d:\documents\projects\2023华为软件精英挑战赛\windowsrelease\sdk\c++\buidl\main.dir\release\load_pthread.obj
d:\documents\projects\2023华为软件精英挑战赛\windowsrelease\sdk\c++\buidl\main.dir\release\vc141.pdb
d:\documents\projects\2023华为软件精英挑战赛\windowsrelease\sdk\c++\buidl\release\main.exe
d:\documents\projects\2023华为软件精英挑战赛\windowsrelease\sdk\c++\buidl\cmakefiles\generate.stamp
d:\documents\projects\2023华为软件精英挑战赛\windowsrelease\sdk\c++\buidl\release\main.pdb
d:\documents\projects\2023华为软件精英挑战赛\windowsrelease\sdk\c++\buidl\main.dir\release\main.tlog\cl.command.1.tlog
d:\documents\projects\2023华为软件精英挑战赛\windowsrelease\sdk\c++\buidl\main.dir\release\main.tlog\cl.read.1.tlog
d:\documents\projects\2023华为软件精英挑战赛\windowsrelease\sdk\c++\buidl\main.dir\release\main.tlog\cl.write.1.tlog
d:\documents\projects\2023华为软件精英挑战赛\windowsrelease\sdk\c++\buidl\main.dir\release\main.tlog\link.command.1.tlog
d:\documents\projects\2023华为软件精英挑战赛\windowsrelease\sdk\c++\buidl\main.dir\release\main.tlog\link.read.1.tlog
d:\documents\projects\2023华为软件精英挑战赛\windowsrelease\sdk\c++\buidl\main.dir\release\main.tlog\link.write.1.tlog
d:\documents\projects\2023华为软件精英挑战赛\windowsrelease\sdk\c++\buidl\main.dir\release\main.tlog\parallelcustombuild.command.1.tlog
d:\documents\projects\2023华为软件精英挑战赛\windowsrelease\sdk\c++\buidl\main.dir\release\main.tlog\parallelcustombuild.read.1.tlog
d:\documents\projects\2023华为软件精英挑战赛\windowsrelease\sdk\c++\buidl\main.dir\release\main.tlog\parallelcustombuild.write.1.tlog
